<?xml version="1.0" encoding="UTF-8"?>
<testng-results ignored="0" total="1" passed="1" failed="0" skipped="0">
  <reporter-output>
  </reporter-output>
  <suite started-at="2023-10-26T17:32:27 IST" name="Default suite" finished-at="2023-10-26T17:32:41 IST" duration-ms="14231">
    <groups>
    </groups>
    <test started-at="2023-10-26T17:32:27 IST" name="Default test" finished-at="2023-10-26T17:32:41 IST" duration-ms="14231">
      <class name="MobileAutomation.MobileTestingAppium.AppiumBasics">
        <test-method signature="AppiumTest()[pri:0, instance:MobileAutomation.MobileTestingAppium.AppiumBasics@6e4784bc]" started-at="2023-10-26T17:32:27 IST" name="AppiumTest" finished-at="2023-10-26T17:32:41 IST" duration-ms="14190" status="PASS">
          <reporter-output>
          </reporter-output>
        </test-method> <!-- AppiumTest -->
      </class> <!-- MobileAutomation.MobileTestingAppium.AppiumBasics -->
    </test> <!-- Default test -->
  </suite> <!-- Default suite -->
</testng-results>
